android/app/build/intermediates/manifest_merge_blame_file/debug/manifest-merger-blame-debug-report.txt
1<?xml version="1.0" encoding="utf-8"?>
2<manifest xmlns:android="http://schemas.android.com/apk/res/android"
3    package="com.payvit"
4    android:versionCode="1"
5    android:versionName="1.0" >
6
7    <uses-sdk
8        android:minSdkVersion="21"
9        android:targetSdkVersion="29" />
10
11    <uses-permission android:name="android.permission.SYSTEM_ALERT_WINDOW" />
11-->src\main\AndroidManifest.xml:4:3-75
11-->src\main\AndroidManifest.xml:4:20-73
12    <uses-permission android:name="android.permission.INTERNET" />
12-->src\main\AndroidManifest.xml:2:3-64
12-->src\main\AndroidManifest.xml:2:20-62
13    <uses-permission android:name="android.permission.READ_PHONE_STATE" />
13-->src\main\AndroidManifest.xml:5:3-72
13-->src\main\AndroidManifest.xml:5:20-70
14    <uses-permission android:name="android.permission.USE_FINGERPRINT" />
14-->src\main\AndroidManifest.xml:6:3-71
14-->src\main\AndroidManifest.xml:6:20-69
15    <uses-permission android:name="android.permission.USE_BIOMETRIC" />
15-->src\main\AndroidManifest.xml:7:3-69
15-->src\main\AndroidManifest.xml:7:20-67
16    <uses-permission android:name="android.permission.VIBRATE" />
16-->src\main\AndroidManifest.xml:8:3-63
16-->src\main\AndroidManifest.xml:8:20-61
17    <uses-permission android:name="android.permission.MODIFY_AUDIO_SETTINGS" /> <!-- These require runtime permissions on M -->
17-->src\main\AndroidManifest.xml:9:3-77
17-->src\main\AndroidManifest.xml:9:20-75
18    <uses-permission android:name="android.permission.ACCESS_COARSE_LOCATION" />
18-->src\main\AndroidManifest.xml:11:3-78
18-->src\main\AndroidManifest.xml:11:20-76
19    <uses-permission android:name="android.permission.ACCESS_FINE_LOCATION" />
19-->src\main\AndroidManifest.xml:12:3-76
19-->src\main\AndroidManifest.xml:12:20-74
20    <uses-permission android:name="android.permission.ACCESS_BACKGROUND_LOCATION" />
20-->src\main\AndroidManifest.xml:13:3-82
20-->src\main\AndroidManifest.xml:13:20-80
21    <uses-permission android:name="android.permission.CAMERA" />
21-->src\main\AndroidManifest.xml:14:3-62
21-->src\main\AndroidManifest.xml:14:20-60
22    <uses-permission android:name="android.permission.RECORD_AUDIO" />
22-->src\main\AndroidManifest.xml:15:3-68
22-->src\main\AndroidManifest.xml:15:20-66
23    <uses-permission android:name="android.permission.READ_CONTACTS" />
23-->src\main\AndroidManifest.xml:16:3-69
23-->src\main\AndroidManifest.xml:16:20-67
24    <uses-permission android:name="android.permission.WRITE_CONTACTS" />
24-->src\main\AndroidManifest.xml:17:3-70
24-->src\main\AndroidManifest.xml:17:20-68
25    <uses-permission android:name="android.permission.READ_CALENDAR" />
25-->src\main\AndroidManifest.xml:18:3-69
25-->src\main\AndroidManifest.xml:18:20-67
26    <uses-permission android:name="android.permission.WRITE_CALENDAR" />
26-->src\main\AndroidManifest.xml:19:3-70
26-->src\main\AndroidManifest.xml:19:20-68
27    <uses-permission android:name="android.permission.READ_EXTERNAL_STORAGE" />
27-->src\main\AndroidManifest.xml:20:3-77
27-->src\main\AndroidManifest.xml:20:20-75
28    <uses-permission android:name="android.permission.WRITE_EXTERNAL_STORAGE" />
28-->src\main\AndroidManifest.xml:21:3-78
28-->src\main\AndroidManifest.xml:21:20-76
29    <uses-permission android:name="android.permission.WRITE_SETTINGS" />
29-->src\main\AndroidManifest.xml:22:3-70
29-->src\main\AndroidManifest.xml:22:20-68
30    <uses-permission android:name="android.permission.ACCESS_WIFI_STATE" />
30-->[com.facebook.flipper:flipper:0.54.0] AndroidManifest.xml:16:5-76
30-->[com.facebook.flipper:flipper:0.54.0] AndroidManifest.xml:16:22-73
31    <uses-permission android:name="android.permission.ACCESS_NETWORK_STATE" />
31-->[:expo-updates] AndroidManifest.xml:11:5-79
31-->[:expo-updates] AndroidManifest.xml:11:22-76
32    <uses-permission android:name="android.permission.WAKE_LOCK" />
32-->[:react-native-background-timer] AndroidManifest.xml:11:5-68
32-->[:react-native-background-timer] AndroidManifest.xml:11:22-65
33    <uses-permission android:name="android.permission.FOREGROUND_SERVICE" /> <!-- Required by older versions of Google Play services to create IID tokens -->
33-->[:expo-location] AndroidManifest.xml:14:5-77
33-->[:expo-location] AndroidManifest.xml:14:22-74
34    <uses-permission android:name="com.google.android.c2dm.permission.RECEIVE" />
34-->[com.google.firebase:firebase-iid:21.0.1] AndroidManifest.xml:26:5-82
34-->[com.google.firebase:firebase-iid:21.0.1] AndroidManifest.xml:26:22-79
35    <uses-permission android:name="com.google.android.providers.gsf.permission.READ_GSERVICES" />
35-->[io.nlopez.smartlocation:library:3.2.11] AndroidManifest.xml:15:5-98
35-->[io.nlopez.smartlocation:library:3.2.11] AndroidManifest.xml:15:22-95
36    <uses-permission android:name="com.google.android.gms.permission.ACTIVITY_RECOGNITION" /> <!-- for android -->
36-->[io.nlopez.smartlocation:library:3.2.11] AndroidManifest.xml:16:5-94
36-->[io.nlopez.smartlocation:library:3.2.11] AndroidManifest.xml:16:22-91
37    <!-- <uses-permission android:name="com.android.launcher.permission.READ_SETTINGS"/> -->
38    <!-- <uses-permission android:name="com.android.launcher.permission.WRITE_SETTINGS"/> -->
39    <!-- <uses-permission android:name="com.android.launcher.permission.INSTALL_SHORTCUT" /> -->
40    <!-- <uses-permission android:name="com.android.launcher.permission.UNINSTALL_SHORTCUT" /> -->
41    <!-- for Samsung -->
42    <uses-permission android:name="com.sec.android.provider.badge.permission.READ" />
42-->[me.leolin:ShortcutBadger:1.1.22] AndroidManifest.xml:19:5-86
42-->[me.leolin:ShortcutBadger:1.1.22] AndroidManifest.xml:19:22-83
43    <uses-permission android:name="com.sec.android.provider.badge.permission.WRITE" /> <!-- for htc -->
43-->[me.leolin:ShortcutBadger:1.1.22] AndroidManifest.xml:20:5-87
43-->[me.leolin:ShortcutBadger:1.1.22] AndroidManifest.xml:20:22-84
44    <uses-permission android:name="com.htc.launcher.permission.READ_SETTINGS" />
44-->[me.leolin:ShortcutBadger:1.1.22] AndroidManifest.xml:23:5-81
44-->[me.leolin:ShortcutBadger:1.1.22] AndroidManifest.xml:23:22-78
45    <uses-permission android:name="com.htc.launcher.permission.UPDATE_SHORTCUT" /> <!-- for sony -->
45-->[me.leolin:ShortcutBadger:1.1.22] AndroidManifest.xml:24:5-83
45-->[me.leolin:ShortcutBadger:1.1.22] AndroidManifest.xml:24:22-80
46    <uses-permission android:name="com.sonyericsson.home.permission.BROADCAST_BADGE" />
46-->[me.leolin:ShortcutBadger:1.1.22] AndroidManifest.xml:27:5-88
46-->[me.leolin:ShortcutBadger:1.1.22] AndroidManifest.xml:27:22-85
47    <uses-permission android:name="com.sonymobile.home.permission.PROVIDER_INSERT_BADGE" /> <!-- for apex -->
47-->[me.leolin:ShortcutBadger:1.1.22] AndroidManifest.xml:28:5-92
47-->[me.leolin:ShortcutBadger:1.1.22] AndroidManifest.xml:28:22-89
48    <uses-permission android:name="com.anddoes.launcher.permission.UPDATE_COUNT" /> <!-- for solid -->
48-->[me.leolin:ShortcutBadger:1.1.22] AndroidManifest.xml:31:5-84
48-->[me.leolin:ShortcutBadger:1.1.22] AndroidManifest.xml:31:22-81
49    <uses-permission android:name="com.majeur.launcher.permission.UPDATE_BADGE" /> <!-- for huawei -->
49-->[me.leolin:ShortcutBadger:1.1.22] AndroidManifest.xml:34:5-83
49-->[me.leolin:ShortcutBadger:1.1.22] AndroidManifest.xml:34:22-80
50    <uses-permission android:name="com.huawei.android.launcher.permission.CHANGE_BADGE" />
50-->[me.leolin:ShortcutBadger:1.1.22] AndroidManifest.xml:37:5-91
50-->[me.leolin:ShortcutBadger:1.1.22] AndroidManifest.xml:37:22-88
51    <uses-permission android:name="com.huawei.android.launcher.permission.READ_SETTINGS" />
51-->[me.leolin:ShortcutBadger:1.1.22] AndroidManifest.xml:38:5-92
51-->[me.leolin:ShortcutBadger:1.1.22] AndroidManifest.xml:38:22-89
52    <uses-permission android:name="com.huawei.android.launcher.permission.WRITE_SETTINGS" /> <!-- for ZUK -->
52-->[me.leolin:ShortcutBadger:1.1.22] AndroidManifest.xml:39:5-93
52-->[me.leolin:ShortcutBadger:1.1.22] AndroidManifest.xml:39:22-90
53    <uses-permission android:name="android.permission.READ_APP_BADGE" /> <!-- for OPPO -->
53-->[me.leolin:ShortcutBadger:1.1.22] AndroidManifest.xml:42:5-73
53-->[me.leolin:ShortcutBadger:1.1.22] AndroidManifest.xml:42:22-70
54    <uses-permission android:name="com.oppo.launcher.permission.READ_SETTINGS" />
54-->[me.leolin:ShortcutBadger:1.1.22] AndroidManifest.xml:45:5-82
54-->[me.leolin:ShortcutBadger:1.1.22] AndroidManifest.xml:45:22-79
55    <uses-permission android:name="com.oppo.launcher.permission.WRITE_SETTINGS" /> <!-- for EvMe -->
55-->[me.leolin:ShortcutBadger:1.1.22] AndroidManifest.xml:46:5-83
55-->[me.leolin:ShortcutBadger:1.1.22] AndroidManifest.xml:46:22-80
56    <uses-permission android:name="me.everything.badger.permission.BADGE_COUNT_READ" />
56-->[me.leolin:ShortcutBadger:1.1.22] AndroidManifest.xml:49:5-88
56-->[me.leolin:ShortcutBadger:1.1.22] AndroidManifest.xml:49:22-85
57    <uses-permission android:name="me.everything.badger.permission.BADGE_COUNT_WRITE" />
57-->[me.leolin:ShortcutBadger:1.1.22] AndroidManifest.xml:50:5-89
57-->[me.leolin:ShortcutBadger:1.1.22] AndroidManifest.xml:50:22-86
58
59    <application
59-->src\main\AndroidManifest.xml:25:3-69:17
60        android:name="com.payvit.MainApplication"
60-->src\main\AndroidManifest.xml:26:5-36
61        android:allowBackup="false"
61-->src\main\AndroidManifest.xml:30:5-32
62        android:appComponentFactory="androidx.core.app.CoreComponentFactory"
62-->[androidx.core:core:1.1.0] AndroidManifest.xml:24:18-86
63        android:debuggable="true"
64        android:icon="@mipmap/ic_launcher"
64-->src\main\AndroidManifest.xml:28:5-39
65        android:label="@string/app_name"
65-->src\main\AndroidManifest.xml:27:5-37
66        android:requestLegacyExternalStorage="true"
66-->src\main\AndroidManifest.xml:32:5-48
67        android:roundIcon="@mipmap/ic_launcher_round"
67-->src\main\AndroidManifest.xml:29:5-50
68        android:theme="@style/AppTheme"
68-->src\main\AndroidManifest.xml:31:5-36
69        android:usesCleartextTraffic="true" > <!-- Change the value to true to enable pop-up for in foreground on receiving remote notifications (for prevent duplicating while showing local notifications set this to false) -->
69-->src\debug\AndroidManifest.xml:6:18-53
70        <meta-data
70-->src\main\AndroidManifest.xml:35:9-36:44
71            android:name="com.dieam.reactnativepushnotification.notification_foreground"
71-->src\main\AndroidManifest.xml:35:21-97
72            android:value="false" /> <!-- Change the resource name to your App's accent color - or any other color you want -->
72-->src\main\AndroidManifest.xml:36:21-42
73        <meta-data
73-->src\main\AndroidManifest.xml:38:9-39:54
74            android:name="com.dieam.reactnativepushnotification.notification_color"
74-->src\main\AndroidManifest.xml:38:21-92
75            android:resource="@color/white" /> <!-- or @android:color/{name} to use a standard color -->
75-->src\main\AndroidManifest.xml:39:21-52
76        <receiver android:name="com.dieam.reactnativepushnotification.modules.RNPushNotificationActions" />
76-->src\main\AndroidManifest.xml:41:9-108
76-->src\main\AndroidManifest.xml:41:19-105
77        <receiver android:name="com.dieam.reactnativepushnotification.modules.RNPushNotificationPublisher" />
77-->src\main\AndroidManifest.xml:42:9-110
77-->src\main\AndroidManifest.xml:42:19-107
78        <receiver android:name="com.dieam.reactnativepushnotification.modules.RNPushNotificationBootEventReceiver" >
78-->src\main\AndroidManifest.xml:43:9-49:20
78-->src\main\AndroidManifest.xml:43:19-115
79            <intent-filter>
79-->src\main\AndroidManifest.xml:44:13-48:29
80                <action android:name="android.intent.action.BOOT_COMPLETED" />
80-->src\main\AndroidManifest.xml:45:17-79
80-->src\main\AndroidManifest.xml:45:25-76
81                <action android:name="android.intent.action.QUICKBOOT_POWERON" />
81-->src\main\AndroidManifest.xml:46:17-82
81-->src\main\AndroidManifest.xml:46:25-79
82                <action android:name="com.htc.intent.action.QUICKBOOT_POWERON" />
82-->src\main\AndroidManifest.xml:47:17-81
82-->src\main\AndroidManifest.xml:47:25-79
83            </intent-filter>
84        </receiver>
85
86        <meta-data
86-->src\main\AndroidManifest.xml:51:5-122
87            android:name="expo.modules.updates.EXPO_UPDATE_URL"
87-->src\main\AndroidManifest.xml:51:16-67
88            android:value="https://exp.host/@harjinders/PayVit" />
88-->src\main\AndroidManifest.xml:51:68-119
89        <meta-data
89-->src\main\AndroidManifest.xml:52:5-94
90            android:name="expo.modules.updates.EXPO_SDK_VERSION"
90-->src\main\AndroidManifest.xml:52:16-68
91            android:value="39.0.0" />
91-->src\main\AndroidManifest.xml:52:69-91
92        <meta-data
92-->src\main\AndroidManifest.xml:53:5-99
93            android:name="expo.modules.updates.EXPO_RELEASE_CHANNEL"
93-->src\main\AndroidManifest.xml:53:16-72
94            android:value="default" />
94-->src\main\AndroidManifest.xml:53:73-96
95
96        <activity
96-->src\main\AndroidManifest.xml:55:3-67:16
97            android:name="com.payvit.MainActivity"
97-->src\main\AndroidManifest.xml:56:5-33
98            android:configChanges="keyboard|keyboardHidden|orientation|screenSize|uiMode"
98-->src\main\AndroidManifest.xml:58:7-84
99            android:label="@string/app_name"
99-->src\main\AndroidManifest.xml:57:7-39
100            android:launchMode="singleTask"
100-->src\main\AndroidManifest.xml:59:7-38
101            android:theme="@style/Theme.App.SplashScreen"
101-->src\main\AndroidManifest.xml:61:7-52
102            android:windowSoftInputMode="adjustResize" >
102-->src\main\AndroidManifest.xml:60:7-49
103            <intent-filter>
103-->src\main\AndroidManifest.xml:63:7-66:23
104                <action android:name="android.intent.action.MAIN" />
104-->src\main\AndroidManifest.xml:64:9-60
104-->src\main\AndroidManifest.xml:64:17-58
105
106                <category android:name="android.intent.category.LAUNCHER" />
106-->src\main\AndroidManifest.xml:65:9-68
106-->src\main\AndroidManifest.xml:65:19-66
107            </intent-filter>
108        </activity>
109        <activity android:name="com.facebook.react.devsupport.DevSettingsActivity" />
109-->src\main\AndroidManifest.xml:68:5-81
109-->src\main\AndroidManifest.xml:68:15-79
110
111        <meta-data
111-->[:unimodules-react-native-adapter] AndroidManifest.xml:12:9-14:91
112            android:name="org.unimodules.core.AppLoader#react-native-headless"
112-->[:unimodules-react-native-adapter] AndroidManifest.xml:13:13-79
113            android:value="org.unimodules.adapters.react.apploader.RNHeadlessAppLoader" />
113-->[:unimodules-react-native-adapter] AndroidManifest.xml:14:13-88
114
115        <provider
115-->[:react-native-share] AndroidManifest.xml:10:9-18:20
116            android:name="cl.json.RNShareFileProvider"
116-->[:react-native-share] AndroidManifest.xml:11:13-55
117            android:authorities="com.payvit.rnshare.fileprovider"
117-->[:react-native-share] AndroidManifest.xml:12:13-72
118            android:exported="false"
118-->[:react-native-share] AndroidManifest.xml:13:13-37
119            android:grantUriPermissions="true" >
119-->[:react-native-share] AndroidManifest.xml:14:13-47
120            <meta-data
120-->[:react-native-share] AndroidManifest.xml:15:13-17:64
121                android:name="android.support.FILE_PROVIDER_PATHS"
121-->[:react-native-share] AndroidManifest.xml:16:17-67
122                android:resource="@xml/share_download_paths" />
122-->[:react-native-share] AndroidManifest.xml:17:17-61
123        </provider>
124        <provider
124-->[:react-native-webview] AndroidManifest.xml:12:9-20:20
125            android:name="com.reactnativecommunity.webview.RNCWebViewFileProvider"
125-->[:react-native-webview] AndroidManifest.xml:13:13-83
126            android:authorities="com.payvit.fileprovider"
126-->[:react-native-webview] AndroidManifest.xml:14:13-64
127            android:exported="false"
127-->[:react-native-webview] AndroidManifest.xml:15:13-37
128            android:grantUriPermissions="true" >
128-->[:react-native-webview] AndroidManifest.xml:16:13-47
129            <meta-data
129-->[:react-native-share] AndroidManifest.xml:15:13-17:64
130                android:name="android.support.FILE_PROVIDER_PATHS"
130-->[:react-native-share] AndroidManifest.xml:16:17-67
131                android:resource="@xml/file_provider_paths" />
131-->[:react-native-share] AndroidManifest.xml:17:17-61
132        </provider>
133        <provider
133-->[:expo-file-system] AndroidManifest.xml:17:9-26:20
134            android:name="expo.modules.filesystem.FileSystemFileProvider"
134-->[:expo-file-system] AndroidManifest.xml:18:13-74
135            android:authorities="com.payvit.FileSystemFileProvider"
135-->[:expo-file-system] AndroidManifest.xml:19:13-74
136            android:exported="false"
136-->[:expo-file-system] AndroidManifest.xml:20:13-37
137            android:grantUriPermissions="true" >
137-->[:expo-file-system] AndroidManifest.xml:21:13-47
138            <meta-data
138-->[:react-native-share] AndroidManifest.xml:15:13-17:64
139                android:name="android.support.FILE_PROVIDER_PATHS"
139-->[:react-native-share] AndroidManifest.xml:16:17-67
140                android:resource="@xml/file_system_provider_paths" />
140-->[:react-native-share] AndroidManifest.xml:17:17-61
141        </provider> <!-- https://developer.android.com/guide/topics/manifest/provider-element.html -->
142        <provider
142-->[:expo-image-picker] AndroidManifest.xml:20:9-28:20
143            android:name="expo.modules.imagepicker.ImagePickerFileProvider"
143-->[:expo-image-picker] AndroidManifest.xml:21:13-76
144            android:authorities="com.payvit.ImagePickerFileProvider"
144-->[:expo-image-picker] AndroidManifest.xml:22:13-75
145            android:exported="false"
145-->[:expo-image-picker] AndroidManifest.xml:23:13-37
146            android:grantUriPermissions="true" >
146-->[:expo-image-picker] AndroidManifest.xml:24:13-47
147            <meta-data
147-->[:react-native-share] AndroidManifest.xml:15:13-17:64
148                android:name="android.support.FILE_PROVIDER_PATHS"
148-->[:react-native-share] AndroidManifest.xml:16:17-67
149                android:resource="@xml/image_picker_provider_paths" />
149-->[:react-native-share] AndroidManifest.xml:17:17-61
150        </provider>
151        <provider
151-->[:expo-sharing] AndroidManifest.xml:12:9-20:20
152            android:name="expo.modules.sharing.SharingFileProvider"
152-->[:expo-sharing] AndroidManifest.xml:13:13-68
153            android:authorities="com.payvit.SharingFileProvider"
153-->[:expo-sharing] AndroidManifest.xml:14:13-71
154            android:exported="false"
154-->[:expo-sharing] AndroidManifest.xml:15:13-37
155            android:grantUriPermissions="true" >
155-->[:expo-sharing] AndroidManifest.xml:16:13-47
156            <meta-data
156-->[:react-native-share] AndroidManifest.xml:15:13-17:64
157                android:name="android.support.FILE_PROVIDER_PATHS"
157-->[:react-native-share] AndroidManifest.xml:16:17-67
158                android:resource="@xml/sharing_provider_paths" />
158-->[:react-native-share] AndroidManifest.xml:17:17-61
159        </provider>
160
161        <service
161-->[:expo-location] AndroidManifest.xml:17:9-19:40
162            android:name="expo.modules.location.services.LocationTaskService"
162-->[:expo-location] AndroidManifest.xml:18:13-78
163            android:exported="false" />
163-->[:expo-location] AndroidManifest.xml:19:13-37
164        <!--
165             FirebaseMessagingService performs security checks at runtime,
166             but set to not exported to explicitly avoid allowing another app to call it.
167        -->
168        <service
168-->[com.google.firebase:firebase-messaging:21.0.1] AndroidManifest.xml:28:9-35:19
169            android:name="com.google.firebase.messaging.FirebaseMessagingService"
169-->[com.google.firebase:firebase-messaging:21.0.1] AndroidManifest.xml:29:13-82
170            android:directBootAware="true"
170-->[com.google.firebase:firebase-messaging:21.0.1] AndroidManifest.xml:30:13-43
171            android:exported="false" >
171-->[com.google.firebase:firebase-messaging:21.0.1] AndroidManifest.xml:31:13-37
172            <intent-filter android:priority="-500" >
172-->[com.google.firebase:firebase-messaging:21.0.1] AndroidManifest.xml:32:13-34:29
172-->[com.google.firebase:firebase-messaging:21.0.1] AndroidManifest.xml:32:28-51
173                <action android:name="com.google.firebase.MESSAGING_EVENT" />
173-->[com.google.firebase:firebase-messaging:21.0.1] AndroidManifest.xml:33:17-78
173-->[com.google.firebase:firebase-messaging:21.0.1] AndroidManifest.xml:33:25-75
174            </intent-filter>
175        </service>
176        <service
176-->[com.google.firebase:firebase-messaging:21.0.1] AndroidManifest.xml:36:9-42:19
177            android:name="com.google.firebase.components.ComponentDiscoveryService"
177-->[com.google.firebase:firebase-messaging:21.0.1] AndroidManifest.xml:37:13-84
178            android:directBootAware="true"
178-->[com.google.firebase:firebase-common:19.5.0] AndroidManifest.xml:35:13-43
179            android:exported="false" >
179-->[com.google.firebase:firebase-messaging:21.0.1] AndroidManifest.xml:38:13-37
180            <meta-data
180-->[com.google.firebase:firebase-messaging:21.0.1] AndroidManifest.xml:39:13-41:85
181                android:name="com.google.firebase.components:com.google.firebase.messaging.FirebaseMessagingRegistrar"
181-->[com.google.firebase:firebase-messaging:21.0.1] AndroidManifest.xml:40:17-119
182                android:value="com.google.firebase.components.ComponentRegistrar" />
182-->[com.google.firebase:firebase-messaging:21.0.1] AndroidManifest.xml:41:17-82
183            <meta-data
183-->[com.google.firebase:firebase-datatransport:17.0.10] AndroidManifest.xml:28:13-30:85
184                android:name="com.google.firebase.components:com.google.firebase.datatransport.TransportRegistrar"
184-->[com.google.firebase:firebase-datatransport:17.0.10] AndroidManifest.xml:29:17-115
185                android:value="com.google.firebase.components.ComponentRegistrar" />
185-->[com.google.firebase:firebase-datatransport:17.0.10] AndroidManifest.xml:30:17-82
186            <meta-data
186-->[com.google.firebase:firebase-iid:21.0.1] AndroidManifest.xml:32:13-34:85
187                android:name="com.google.firebase.components:com.google.firebase.iid.Registrar"
187-->[com.google.firebase:firebase-iid:21.0.1] AndroidManifest.xml:33:17-96
188                android:value="com.google.firebase.components.ComponentRegistrar" />
188-->[com.google.firebase:firebase-iid:21.0.1] AndroidManifest.xml:34:17-82
189            <meta-data
189-->[com.google.firebase:firebase-installations:16.3.5] AndroidManifest.xml:18:13-20:85
190                android:name="com.google.firebase.components:com.google.firebase.installations.FirebaseInstallationsRegistrar"
190-->[com.google.firebase:firebase-installations:16.3.5] AndroidManifest.xml:19:17-127
191                android:value="com.google.firebase.components.ComponentRegistrar" />
191-->[com.google.firebase:firebase-installations:16.3.5] AndroidManifest.xml:20:17-82
192            <!--
193                This registrar is not defined in the dynamic-module-support sdk itself to allow non-firebase
194                clients to use it as well, by defining this registrar in their own core/common library.
195            -->
196            <meta-data
196-->[com.google.firebase:firebase-common:19.5.0] AndroidManifest.xml:43:13-45:85
197                android:name="com.google.firebase.components:com.google.firebase.dynamicloading.DynamicLoadingRegistrar"
197-->[com.google.firebase:firebase-common:19.5.0] AndroidManifest.xml:44:17-121
198                android:value="com.google.firebase.components.ComponentRegistrar" />
198-->[com.google.firebase:firebase-common:19.5.0] AndroidManifest.xml:45:17-82
199        </service>
200        <service
200-->[com.google.android.datatransport:transport-backend-cct:2.3.3] AndroidManifest.xml:29:9-35:19
201            android:name="com.google.android.datatransport.runtime.backends.TransportBackendDiscovery"
201-->[com.google.android.datatransport:transport-backend-cct:2.3.3] AndroidManifest.xml:30:13-103
202            android:exported="false" >
202-->[com.google.android.datatransport:transport-backend-cct:2.3.3] AndroidManifest.xml:31:13-37
203            <meta-data
203-->[com.google.android.datatransport:transport-backend-cct:2.3.3] AndroidManifest.xml:32:13-34:39
204                android:name="backend:com.google.android.datatransport.cct.CctBackendFactory"
204-->[com.google.android.datatransport:transport-backend-cct:2.3.3] AndroidManifest.xml:33:17-94
205                android:value="cct" />
205-->[com.google.android.datatransport:transport-backend-cct:2.3.3] AndroidManifest.xml:34:17-36
206        </service>
207
208        <receiver
208-->[com.google.firebase:firebase-iid:21.0.1] AndroidManifest.xml:37:9-44:20
209            android:name="com.google.firebase.iid.FirebaseInstanceIdReceiver"
209-->[com.google.firebase:firebase-iid:21.0.1] AndroidManifest.xml:38:13-78
210            android:exported="true"
210-->[com.google.firebase:firebase-iid:21.0.1] AndroidManifest.xml:39:13-36
211            android:permission="com.google.android.c2dm.permission.SEND" >
211-->[com.google.firebase:firebase-iid:21.0.1] AndroidManifest.xml:40:13-73
212            <intent-filter>
212-->[com.google.firebase:firebase-iid:21.0.1] AndroidManifest.xml:41:13-43:29
213                <action android:name="com.google.android.c2dm.intent.RECEIVE" />
213-->[com.google.firebase:firebase-iid:21.0.1] AndroidManifest.xml:42:17-81
213-->[com.google.firebase:firebase-iid:21.0.1] AndroidManifest.xml:42:25-78
214            </intent-filter>
215        </receiver>
216
217        <provider
217-->[com.google.firebase:firebase-common:19.5.0] AndroidManifest.xml:26:9-31:39
218            android:name="com.google.firebase.provider.FirebaseInitProvider"
218-->[com.google.firebase:firebase-common:19.5.0] AndroidManifest.xml:27:13-77
219            android:authorities="com.payvit.firebaseinitprovider"
219-->[com.google.firebase:firebase-common:19.5.0] AndroidManifest.xml:28:13-72
220            android:directBootAware="true"
220-->[com.google.firebase:firebase-common:19.5.0] AndroidManifest.xml:29:13-43
221            android:exported="false"
221-->[com.google.firebase:firebase-common:19.5.0] AndroidManifest.xml:30:13-37
222            android:initOrder="100" />
222-->[com.google.firebase:firebase-common:19.5.0] AndroidManifest.xml:31:13-36
223
224        <activity
224-->[androidx.biometric:biometric:1.0.1] AndroidManifest.xml:28:9-31:67
225            android:name="androidx.biometric.DeviceCredentialHandlerActivity"
225-->[androidx.biometric:biometric:1.0.1] AndroidManifest.xml:29:13-78
226            android:exported="true"
226-->[androidx.biometric:biometric:1.0.1] AndroidManifest.xml:30:13-36
227            android:theme="@style/DeviceCredentialHandlerTheme" />
227-->[androidx.biometric:biometric:1.0.1] AndroidManifest.xml:31:13-64
228
229        <service
229-->[com.google.android.datatransport:transport-runtime:2.2.5] AndroidManifest.xml:26:9-30:19
230            android:name="com.google.android.datatransport.runtime.scheduling.jobscheduling.JobInfoSchedulerService"
230-->[com.google.android.datatransport:transport-runtime:2.2.5] AndroidManifest.xml:27:13-117
231            android:exported="false"
231-->[com.google.android.datatransport:transport-runtime:2.2.5] AndroidManifest.xml:28:13-37
232            android:permission="android.permission.BIND_JOB_SERVICE" >
232-->[com.google.android.datatransport:transport-runtime:2.2.5] AndroidManifest.xml:29:13-69
233        </service>
234
235        <receiver
235-->[com.google.android.datatransport:transport-runtime:2.2.5] AndroidManifest.xml:32:9-34:40
236            android:name="com.google.android.datatransport.runtime.scheduling.jobscheduling.AlarmManagerSchedulerBroadcastReceiver"
236-->[com.google.android.datatransport:transport-runtime:2.2.5] AndroidManifest.xml:33:13-132
237            android:exported="false" />
237-->[com.google.android.datatransport:transport-runtime:2.2.5] AndroidManifest.xml:34:13-37
238
239        <activity
239-->[com.google.android.gms:play-services-base:17.0.0] AndroidManifest.xml:23:9-26:75
240            android:name="com.google.android.gms.common.api.GoogleApiActivity"
240-->[com.google.android.gms:play-services-base:17.0.0] AndroidManifest.xml:24:13-79
241            android:exported="false"
241-->[com.google.android.gms:play-services-base:17.0.0] AndroidManifest.xml:25:13-37
242            android:theme="@android:style/Theme.Translucent.NoTitleBar" />
242-->[com.google.android.gms:play-services-base:17.0.0] AndroidManifest.xml:26:13-72
243
244        <meta-data
244-->[com.google.android.gms:play-services-basement:17.0.0] AndroidManifest.xml:23:9-25:69
245            android:name="com.google.android.gms.version"
245-->[com.google.android.gms:play-services-basement:17.0.0] AndroidManifest.xml:24:13-58
246            android:value="@integer/google_play_services_version" />
246-->[com.google.android.gms:play-services-basement:17.0.0] AndroidManifest.xml:25:13-66
247
248        <service
248-->[androidx.room:room-runtime:2.1.0] AndroidManifest.xml:25:9-27:40
249            android:name="androidx.room.MultiInstanceInvalidationService"
249-->[androidx.room:room-runtime:2.1.0] AndroidManifest.xml:26:13-74
250            android:exported="false" />
250-->[androidx.room:room-runtime:2.1.0] AndroidManifest.xml:27:13-37
251        <service
251-->[io.nlopez.smartlocation:library:3.2.11] AndroidManifest.xml:19:9-21:40